Performing C SOURCE FILE Test CMAKE_HAVE_LIBC_PTHREAD failed with the following output:
Change Dir: C:/Studying/Pogrammming/Programs/engine/build/CMakeFiles/CMakeScratch/TryCompile-v51g22

Run Build Command(s):C:/Program Files/Microsoft Visual Studio/2022/Community/MSBuild/Current/Bin/amd64/MSBuild.exe cmTC_982f9.vcxproj /p:Configuration=Debug /p:Platform=x64 /p:VisualStudioVersion=17.0 /v:m && MSBuild version 17.4.1+9a89d02ff for .NET Framework
  Microsoft (R) C/C++ Optimizing Compiler Version 19.34.31937 for x64
  src.c
  Copyright (C) Microsoft Corporation.  All rights reserved.
  cl /c /Zi /W1 /WX- /diagnostics:column /Od /Ob0 /D _MBCS /D WIN32 /D _WINDOWS /D CMAKE_HAVE_LIBC_PTHREAD /D "CMAKE_INTDIR=\"Debug\"" /Gm- /RTC1 /MDd /GS /fp:precise /Zc:wchar_t /Zc:forScope /Zc:inline /Fo"cmTC_982f9.dir\Debug\\" /Fd"cmTC_982f9.dir\Debug\vc143.pdb" /external:W1 /Gd /TC /errorReport:queue "C:\Studying\Pogrammming\Programs\engine\build\CMakeFiles\CMakeScratch\TryCompile-v51g22\src.c"
C:\Studying\Pogrammming\Programs\engine\build\CMakeFiles\CMakeScratch\TryCompile-v51g22\src.c(1,10): fatal  error C1083: Cannot open include file: 'pthread.h': No such file or directory [C:\Studying\Pogrammming\Programs\engine\build\CMakeFiles\CMakeScratch\TryCompile-v51g22\cmTC_982f9.vcxproj]


Source file was:
#include <pthread.h>

static void* test_func(void* data)
{
  return data;
}

int main(void)
{
  pthread_t thread;
  pthread_create(&thread, NULL, test_func, NULL);
  pthread_detach(thread);
  pthread_cancel(thread);
  pthread_join(thread, NULL);
  pthread_atfork(NULL, NULL, NULL);
  pthread_exit(NULL);

  return 0;
}


Determining if the function pthread_create exists in the pthreads failed with the following output:
Change Dir: C:/Studying/Pogrammming/Programs/engine/build/CMakeFiles/CMakeScratch/TryCompile-yqsyyh

Run Build Command(s):C:/Program Files/Microsoft Visual Studio/2022/Community/MSBuild/Current/Bin/amd64/MSBuild.exe cmTC_eea62.vcxproj /p:Configuration=Debug /p:Platform=x64 /p:VisualStudioVersion=17.0 /v:m && MSBuild version 17.4.1+9a89d02ff for .NET Framework
  Microsoft (R) C/C++ Optimizing Compiler Version 19.34.31937 for x64
  CheckFunctionExists.c
  Copyright (C) Microsoft Corporation.  All rights reserved.
  cl /c /Zi /W1 /WX- /diagnostics:column /Od /Ob0 /D _MBCS /D WIN32 /D _WINDOWS /D CHECK_FUNCTION_EXISTS=pthread_create /D "CMAKE_INTDIR=\"Debug\"" /Gm- /RTC1 /MDd /GS /fp:precise /Zc:wchar_t /Zc:forScope /Zc:inline /Fo"cmTC_eea62.dir\Debug\\" /Fd"cmTC_eea62.dir\Debug\vc143.pdb" /external:W1 /Gd /TC /errorReport:queue "C:\Studying\Pogrammming\Programs\engine\build\CMakeFiles\CMakeScratch\TryCompile-yqsyyh\CheckFunctionExists.c"
LINK : fatal error LNK1104: cannot open file 'pthreads.lib' [C:\Studying\Pogrammming\Programs\engine\build\CMakeFiles\CMakeScratch\TryCompile-yqsyyh\cmTC_eea62.vcxproj]



Determining if the function pthread_create exists in the pthread failed with the following output:
Change Dir: C:/Studying/Pogrammming/Programs/engine/build/CMakeFiles/CMakeScratch/TryCompile-ahi0z9

Run Build Command(s):C:/Program Files/Microsoft Visual Studio/2022/Community/MSBuild/Current/Bin/amd64/MSBuild.exe cmTC_a5bfe.vcxproj /p:Configuration=Debug /p:Platform=x64 /p:VisualStudioVersion=17.0 /v:m && MSBuild version 17.4.1+9a89d02ff for .NET Framework
  Microsoft (R) C/C++ Optimizing Compiler Version 19.34.31937 for x64
  CheckFunctionExists.c
  Copyright (C) Microsoft Corporation.  All rights reserved.
  cl /c /Zi /W1 /WX- /diagnostics:column /Od /Ob0 /D _MBCS /D WIN32 /D _WINDOWS /D CHECK_FUNCTION_EXISTS=pthread_create /D "CMAKE_INTDIR=\"Debug\"" /Gm- /RTC1 /MDd /GS /fp:precise /Zc:wchar_t /Zc:forScope /Zc:inline /Fo"cmTC_a5bfe.dir\Debug\\" /Fd"cmTC_a5bfe.dir\Debug\vc143.pdb" /external:W1 /Gd /TC /errorReport:queue "C:\Studying\Pogrammming\Programs\engine\build\CMakeFiles\CMakeScratch\TryCompile-ahi0z9\CheckFunctionExists.c"
LINK : fatal error LNK1104: cannot open file 'pthread.lib' [C:\Studying\Pogrammming\Programs\engine\build\CMakeFiles\CMakeScratch\TryCompile-ahi0z9\cmTC_a5bfe.vcxproj]



